-- Found ament_cmake: 1.3.11 (/opt/ros/humble/share/ament_cmake/cmake)
-- Found rclcpp: 16.0.12 (/opt/ros/humble/share/rclcpp/cmake)
-- Found rosidl_generator_c: 3.1.6 (/opt/ros/humble/share/rosidl_generator_c/cmake)
-- Found rosidl_adapter: 3.1.6 (/opt/ros/humble/share/rosidl_adapter/cmake)
-- Found rosidl_generator_cpp: 3.1.6 (/opt/ros/humble/share/rosidl_generator_cpp/cmake)
-- Using all available rosidl_typesupport_c: rosidl_typesupport_fastrtps_c;rosidl_typesupport_introspection_c
-- Using all available rosidl_typesupport_cpp: rosidl_typesupport_fastrtps_cpp;rosidl_typesupport_introspection_cpp
-- Found rmw_implementation_cmake: 6.1.2 (/opt/ros/humble/share/rmw_implementation_cmake/cmake)
-- Found rmw_fastrtps_cpp: 6.2.7 (/opt/ros/humble/share/rmw_fastrtps_cpp/cmake)
-- Using RMW implementation 'rmw_fastrtps_cpp' as default
-- Configuring done
-- Generating done
-- Build files have been written to: /home/yirehban/ros2_ws/build/mission
[ 14%] [32mBuilding CXX object CMakeFiles/bt_runner.dir/src/gate_detected.cpp.o[0m
[ 28%] [32mBuilding CXX object CMakeFiles/bt_runner.dir/src/navigate_to_gate.cpp.o[0m
[ 57%] [32mBuilding CXX object CMakeFiles/bt_runner.dir/src/turn_180.cpp.o[0m
[ 57%] [32mBuilding CXX object CMakeFiles/bt_runner.dir/src/main.cpp.o[0m
[ 71%] [32mBuilding CXX object CMakeFiles/bt_runner.dir/src/pass_through_gate.cpp.o[0m
[ 85%] [32mBuilding CXX object CMakeFiles/bt_runner.dir/src/search_pattern.cpp.o[0m
[01m[K/home/yirehban/ros2_ws/src/mission/src/gate_detected.cpp:3:16:[m[K [01;31m[Kerror: [m[Kredefinition of â€˜[01m[KBT::NodeStatus GateDetected::tick()[m[Kâ€™
    3 | BT::NodeStatus [01;31m[KGateDetected[m[K::tick()
      |                [01;31m[K^~~~~~~~~~~~[m[K
In file included from [01m[K/home/yirehban/ros2_ws/src/mission/src/gate_detected.cpp:1[m[K:
[01m[K/home/yirehban/ros2_ws/src/mission/include/mission/gate_detected.hpp:13:18:[m[K [01;36m[Knote: [m[Kâ€˜[01m[Kvirtual BT::NodeStatus GateDetected::tick()[m[Kâ€™ previously defined here
   13 |   BT::NodeStatus [01;36m[Ktick[m[K() override
      |                  [01;36m[K^~~~[m[K
gmake[2]: *** [CMakeFiles/bt_runner.dir/build.make:90: CMakeFiles/bt_runner.dir/src/gate_detected.cpp.o] Error 1
gmake[2]: *** Waiting for unfinished jobs....
[01m[K/home/yirehban/ros2_ws/src/mission/src/main.cpp:44:16:[m[K [01;31m[Kerror: [m[Kredefinition of â€˜[01m[KBT::NodeStatus GateDetected::tick()[m[Kâ€™
   44 | BT::NodeStatus [01;31m[KGateDetected[m[K::tick()
      |                [01;31m[K^~~~~~~~~~~~[m[K
In file included from [01m[K/home/yirehban/ros2_ws/src/mission/src/main.cpp:2[m[K:
[01m[K/home/yirehban/ros2_ws/src/mission/include/mission/gate_detected.hpp:13:18:[m[K [01;36m[Knote: [m[Kâ€˜[01m[Kvirtual BT::NodeStatus GateDetected::tick()[m[Kâ€™ previously defined here
   13 |   BT::NodeStatus [01;36m[Ktick[m[K() override
      |                  [01;36m[K^~~~[m[K
gmake[2]: *** [CMakeFiles/bt_runner.dir/build.make:76: CMakeFiles/bt_runner.dir/src/main.cpp.o] Error 1
gmake[1]: *** [CMakeFiles/Makefile2:137: CMakeFiles/bt_runner.dir/all] Error 2
gmake: *** [Makefile:146: all] Error 2
